<?xml version="1.0" encoding="UTF-8"?>
<testsuite xmlns:xsi="http://www.w3.org/2001/XMLSchema-instance" xsi:noNamespaceSchemaLocation="https://maven.apache.org/surefire/maven-surefire-plugin/xsd/surefire-test-report.xsd" version="3.0.2" name="runner.TestRunner" time="158.9" tests="13" errors="0" skipped="0" failures="0">
  <properties>
    <property name="java.specification.version" value="21"/>
    <property name="sun.cpu.isalist" value="amd64"/>
    <property name="sun.jnu.encoding" value="Cp1252"/>
    <property name="java.class.path" value="C:\Users\sunil kumar\OneDrive\Desktop\AppiumWorkSpace\TutorialNinja\target\test-classes;C:\Users\sunil kumar\OneDrive\Desktop\AppiumWorkSpace\TutorialNinja\target\classes;C:\Users\sunil kumar\.m2\repository\junit\junit\3.8.1\junit-3.8.1.jar;C:\Users\sunil kumar\.m2\repository\org\seleniumhq\selenium\selenium-java\4.32.0\selenium-java-4.32.0.jar;C:\Users\sunil kumar\.m2\repository\org\seleniumhq\selenium\selenium-api\4.32.0\selenium-api-4.32.0.jar;C:\Users\sunil kumar\.m2\repository\org\jspecify\jspecify\1.0.0\jspecify-1.0.0.jar;C:\Users\sunil kumar\.m2\repository\org\seleniumhq\selenium\selenium-chrome-driver\4.32.0\selenium-chrome-driver-4.32.0.jar;C:\Users\sunil kumar\.m2\repository\com\google\auto\service\auto-service-annotations\1.1.1\auto-service-annotations-1.1.1.jar;C:\Users\sunil kumar\.m2\repository\org\seleniumhq\selenium\selenium-chromium-driver\4.32.0\selenium-chromium-driver-4.32.0.jar;C:\Users\sunil kumar\.m2\repository\org\seleniumhq\selenium\selenium-json\4.32.0\selenium-json-4.32.0.jar;C:\Users\sunil kumar\.m2\repository\org\seleniumhq\selenium\selenium-manager\4.32.0\selenium-manager-4.32.0.jar;C:\Users\sunil kumar\.m2\repository\org\seleniumhq\selenium\selenium-devtools-v134\4.32.0\selenium-devtools-v134-4.32.0.jar;C:\Users\sunil kumar\.m2\repository\org\seleniumhq\selenium\selenium-devtools-v135\4.32.0\selenium-devtools-v135-4.32.0.jar;C:\Users\sunil kumar\.m2\repository\org\seleniumhq\selenium\selenium-devtools-v136\4.32.0\selenium-devtools-v136-4.32.0.jar;C:\Users\sunil kumar\.m2\repository\org\seleniumhq\selenium\selenium-edge-driver\4.32.0\selenium-edge-driver-4.32.0.jar;C:\Users\sunil kumar\.m2\repository\org\seleniumhq\selenium\selenium-firefox-driver\4.32.0\selenium-firefox-driver-4.32.0.jar;C:\Users\sunil kumar\.m2\repository\org\seleniumhq\selenium\selenium-http\4.32.0\selenium-http-4.32.0.jar;C:\Users\sunil kumar\.m2\repository\org\seleniumhq\selenium\selenium-ie-driver\4.32.0\selenium-ie-driver-4.32.0.jar;C:\Users\sunil kumar\.m2\repository\org\seleniumhq\selenium\selenium-remote-driver\4.32.0\selenium-remote-driver-4.32.0.jar;C:\Users\sunil kumar\.m2\repository\com\google\guava\guava\33.4.8-jre\guava-33.4.8-jre.jar;C:\Users\sunil kumar\.m2\repository\com\google\guava\failureaccess\1.0.3\failureaccess-1.0.3.jar;C:\Users\sunil kumar\.m2\repository\com\google\guava\listenablefuture\9999.0-empty-to-avoid-conflict-with-guava\listenablefuture-9999.0-empty-to-avoid-conflict-with-guava.jar;C:\Users\sunil kumar\.m2\repository\com\google\errorprone\error_prone_annotations\2.36.0\error_prone_annotations-2.36.0.jar;C:\Users\sunil kumar\.m2\repository\com\google\j2objc\j2objc-annotations\3.0.0\j2objc-annotations-3.0.0.jar;C:\Users\sunil kumar\.m2\repository\io\opentelemetry\opentelemetry-api\1.49.0\opentelemetry-api-1.49.0.jar;C:\Users\sunil kumar\.m2\repository\io\opentelemetry\opentelemetry-context\1.49.0\opentelemetry-context-1.49.0.jar;C:\Users\sunil kumar\.m2\repository\io\opentelemetry\opentelemetry-exporter-logging\1.49.0\opentelemetry-exporter-logging-1.49.0.jar;C:\Users\sunil kumar\.m2\repository\io\opentelemetry\opentelemetry-sdk-common\1.49.0\opentelemetry-sdk-common-1.49.0.jar;C:\Users\sunil kumar\.m2\repository\io\opentelemetry\opentelemetry-sdk-extension-autoconfigure-spi\1.49.0\opentelemetry-sdk-extension-autoconfigure-spi-1.49.0.jar;C:\Users\sunil kumar\.m2\repository\io\opentelemetry\opentelemetry-sdk-extension-autoconfigure\1.49.0\opentelemetry-sdk-extension-autoconfigure-1.49.0.jar;C:\Users\sunil kumar\.m2\repository\io\opentelemetry\opentelemetry-sdk-trace\1.49.0\opentelemetry-sdk-trace-1.49.0.jar;C:\Users\sunil kumar\.m2\repository\io\opentelemetry\opentelemetry-sdk\1.49.0\opentelemetry-sdk-1.49.0.jar;C:\Users\sunil kumar\.m2\repository\io\opentelemetry\opentelemetry-sdk-metrics\1.49.0\opentelemetry-sdk-metrics-1.49.0.jar;C:\Users\sunil kumar\.m2\repository\io\opentelemetry\opentelemetry-sdk-logs\1.49.0\opentelemetry-sdk-logs-1.49.0.jar;C:\Users\sunil kumar\.m2\repository\net\bytebuddy\byte-buddy\1.17.5\byte-buddy-1.17.5.jar;C:\Users\sunil kumar\.m2\repository\org\seleniumhq\selenium\selenium-os\4.32.0\selenium-os-4.32.0.jar;C:\Users\sunil kumar\.m2\repository\org\apache\commons\commons-exec\1.4.0\commons-exec-1.4.0.jar;C:\Users\sunil kumar\.m2\repository\org\seleniumhq\selenium\selenium-safari-driver\4.32.0\selenium-safari-driver-4.32.0.jar;C:\Users\sunil kumar\.m2\repository\org\seleniumhq\selenium\selenium-support\4.32.0\selenium-support-4.32.0.jar;C:\Users\sunil kumar\.m2\repository\org\testng\testng\7.11.0\testng-7.11.0.jar;C:\Users\sunil kumar\.m2\repository\org\slf4j\slf4j-api\2.0.16\slf4j-api-2.0.16.jar;C:\Users\sunil kumar\.m2\repository\org\jcommander\jcommander\1.83\jcommander-1.83.jar;C:\Users\sunil kumar\.m2\repository\org\webjars\jquery\3.7.1\jquery-3.7.1.jar;C:\Users\sunil kumar\.m2\repository\io\cucumber\cucumber-testng\7.14.0\cucumber-testng-7.14.0.jar;C:\Users\sunil kumar\.m2\repository\org\apiguardian\apiguardian-api\1.1.2\apiguardian-api-1.1.2.jar;C:\Users\sunil kumar\.m2\repository\io\cucumber\cucumber-core\7.14.0\cucumber-core-7.14.0.jar;C:\Users\sunil kumar\.m2\repository\io\cucumber\cucumber-gherkin\7.14.0\cucumber-gherkin-7.14.0.jar;C:\Users\sunil kumar\.m2\repository\io\cucumber\cucumber-gherkin-messages\7.14.0\cucumber-gherkin-messages-7.14.0.jar;C:\Users\sunil kumar\.m2\repository\io\cucumber\gherkin\26.2.0\gherkin-26.2.0.jar;C:\Users\sunil kumar\.m2\repository\io\cucumber\messages\22.0.0\messages-22.0.0.jar;C:\Users\sunil kumar\.m2\repository\io\cucumber\tag-expressions\5.0.6\tag-expressions-5.0.6.jar;C:\Users\sunil kumar\.m2\repository\io\cucumber\cucumber-expressions\16.1.2\cucumber-expressions-16.1.2.jar;C:\Users\sunil kumar\.m2\repository\io\cucumber\datatable\7.14.0\datatable-7.14.0.jar;C:\Users\sunil kumar\.m2\repository\io\cucumber\cucumber-plugin\7.14.0\cucumber-plugin-7.14.0.jar;C:\Users\sunil kumar\.m2\repository\io\cucumber\docstring\7.14.0\docstring-7.14.0.jar;C:\Users\sunil kumar\.m2\repository\io\cucumber\html-formatter\20.4.0\html-formatter-20.4.0.jar;C:\Users\sunil kumar\.m2\repository\io\cucumber\junit-xml-formatter\0.2.0\junit-xml-formatter-0.2.0.jar;C:\Users\sunil kumar\.m2\repository\io\cucumber\ci-environment\9.2.0\ci-environment-9.2.0.jar;C:\Users\sunil kumar\.m2\repository\io\cucumber\cucumber-java\7.14.0\cucumber-java-7.14.0.jar;"/>
    <property name="java.vm.vendor" value="Oracle Corporation"/>
    <property name="sun.arch.data.model" value="64"/>
    <property name="user.variant" value=""/>
    <property name="java.vendor.url" value="https://java.oracle.com/"/>
    <property name="user.timezone" value="Asia/Calcutta"/>
    <property name="os.name" value="Windows 11"/>
    <property name="java.vm.specification.version" value="21"/>
    <property name="sun.java.launcher" value="SUN_STANDARD"/>
    <property name="user.country" value="IN"/>
    <property name="sun.boot.library.path" value="C:\Program Files\Java\jdk-21\bin"/>
    <property name="sun.java.command" value="C:\Users\sunil kumar\AppData\Local\Temp\surefire4555946225359412069\surefirebooter-20250818203639832_3.jar C:\Users\sunil kumar\AppData\Local\Temp\surefire4555946225359412069 2025-08-18T20-36-39_621-jvmRun1 surefire-20250818203639832_1tmp surefire_0-20250818203639832_2tmp"/>
    <property name="jdk.debug" value="release"/>
    <property name="surefire.test.class.path" value="C:\Users\sunil kumar\OneDrive\Desktop\AppiumWorkSpace\TutorialNinja\target\test-classes;C:\Users\sunil kumar\OneDrive\Desktop\AppiumWorkSpace\TutorialNinja\target\classes;C:\Users\sunil kumar\.m2\repository\junit\junit\3.8.1\junit-3.8.1.jar;C:\Users\sunil kumar\.m2\repository\org\seleniumhq\selenium\selenium-java\4.32.0\selenium-java-4.32.0.jar;C:\Users\sunil kumar\.m2\repository\org\seleniumhq\selenium\selenium-api\4.32.0\selenium-api-4.32.0.jar;C:\Users\sunil kumar\.m2\repository\org\jspecify\jspecify\1.0.0\jspecify-1.0.0.jar;C:\Users\sunil kumar\.m2\repository\org\seleniumhq\selenium\selenium-chrome-driver\4.32.0\selenium-chrome-driver-4.32.0.jar;C:\Users\sunil kumar\.m2\repository\com\google\auto\service\auto-service-annotations\1.1.1\auto-service-annotations-1.1.1.jar;C:\Users\sunil kumar\.m2\repository\org\seleniumhq\selenium\selenium-chromium-driver\4.32.0\selenium-chromium-driver-4.32.0.jar;C:\Users\sunil kumar\.m2\repository\org\seleniumhq\selenium\selenium-json\4.32.0\selenium-json-4.32.0.jar;C:\Users\sunil kumar\.m2\repository\org\seleniumhq\selenium\selenium-manager\4.32.0\selenium-manager-4.32.0.jar;C:\Users\sunil kumar\.m2\repository\org\seleniumhq\selenium\selenium-devtools-v134\4.32.0\selenium-devtools-v134-4.32.0.jar;C:\Users\sunil kumar\.m2\repository\org\seleniumhq\selenium\selenium-devtools-v135\4.32.0\selenium-devtools-v135-4.32.0.jar;C:\Users\sunil kumar\.m2\repository\org\seleniumhq\selenium\selenium-devtools-v136\4.32.0\selenium-devtools-v136-4.32.0.jar;C:\Users\sunil kumar\.m2\repository\org\seleniumhq\selenium\selenium-edge-driver\4.32.0\selenium-edge-driver-4.32.0.jar;C:\Users\sunil kumar\.m2\repository\org\seleniumhq\selenium\selenium-firefox-driver\4.32.0\selenium-firefox-driver-4.32.0.jar;C:\Users\sunil kumar\.m2\repository\org\seleniumhq\selenium\selenium-http\4.32.0\selenium-http-4.32.0.jar;C:\Users\sunil kumar\.m2\repository\org\seleniumhq\selenium\selenium-ie-driver\4.32.0\selenium-ie-driver-4.32.0.jar;C:\Users\sunil kumar\.m2\repository\org\seleniumhq\selenium\selenium-remote-driver\4.32.0\selenium-remote-driver-4.32.0.jar;C:\Users\sunil kumar\.m2\repository\com\google\guava\guava\33.4.8-jre\guava-33.4.8-jre.jar;C:\Users\sunil kumar\.m2\repository\com\google\guava\failureaccess\1.0.3\failureaccess-1.0.3.jar;C:\Users\sunil kumar\.m2\repository\com\google\guava\listenablefuture\9999.0-empty-to-avoid-conflict-with-guava\listenablefuture-9999.0-empty-to-avoid-conflict-with-guava.jar;C:\Users\sunil kumar\.m2\repository\com\google\errorprone\error_prone_annotations\2.36.0\error_prone_annotations-2.36.0.jar;C:\Users\sunil kumar\.m2\repository\com\google\j2objc\j2objc-annotations\3.0.0\j2objc-annotations-3.0.0.jar;C:\Users\sunil kumar\.m2\repository\io\opentelemetry\opentelemetry-api\1.49.0\opentelemetry-api-1.49.0.jar;C:\Users\sunil kumar\.m2\repository\io\opentelemetry\opentelemetry-context\1.49.0\opentelemetry-context-1.49.0.jar;C:\Users\sunil kumar\.m2\repository\io\opentelemetry\opentelemetry-exporter-logging\1.49.0\opentelemetry-exporter-logging-1.49.0.jar;C:\Users\sunil kumar\.m2\repository\io\opentelemetry\opentelemetry-sdk-common\1.49.0\opentelemetry-sdk-common-1.49.0.jar;C:\Users\sunil kumar\.m2\repository\io\opentelemetry\opentelemetry-sdk-extension-autoconfigure-spi\1.49.0\opentelemetry-sdk-extension-autoconfigure-spi-1.49.0.jar;C:\Users\sunil kumar\.m2\repository\io\opentelemetry\opentelemetry-sdk-extension-autoconfigure\1.49.0\opentelemetry-sdk-extension-autoconfigure-1.49.0.jar;C:\Users\sunil kumar\.m2\repository\io\opentelemetry\opentelemetry-sdk-trace\1.49.0\opentelemetry-sdk-trace-1.49.0.jar;C:\Users\sunil kumar\.m2\repository\io\opentelemetry\opentelemetry-sdk\1.49.0\opentelemetry-sdk-1.49.0.jar;C:\Users\sunil kumar\.m2\repository\io\opentelemetry\opentelemetry-sdk-metrics\1.49.0\opentelemetry-sdk-metrics-1.49.0.jar;C:\Users\sunil kumar\.m2\repository\io\opentelemetry\opentelemetry-sdk-logs\1.49.0\opentelemetry-sdk-logs-1.49.0.jar;C:\Users\sunil kumar\.m2\repository\net\bytebuddy\byte-buddy\1.17.5\byte-buddy-1.17.5.jar;C:\Users\sunil kumar\.m2\repository\org\seleniumhq\selenium\selenium-os\4.32.0\selenium-os-4.32.0.jar;C:\Users\sunil kumar\.m2\repository\org\apache\commons\commons-exec\1.4.0\commons-exec-1.4.0.jar;C:\Users\sunil kumar\.m2\repository\org\seleniumhq\selenium\selenium-safari-driver\4.32.0\selenium-safari-driver-4.32.0.jar;C:\Users\sunil kumar\.m2\repository\org\seleniumhq\selenium\selenium-support\4.32.0\selenium-support-4.32.0.jar;C:\Users\sunil kumar\.m2\repository\org\testng\testng\7.11.0\testng-7.11.0.jar;C:\Users\sunil kumar\.m2\repository\org\slf4j\slf4j-api\2.0.16\slf4j-api-2.0.16.jar;C:\Users\sunil kumar\.m2\repository\org\jcommander\jcommander\1.83\jcommander-1.83.jar;C:\Users\sunil kumar\.m2\repository\org\webjars\jquery\3.7.1\jquery-3.7.1.jar;C:\Users\sunil kumar\.m2\repository\io\cucumber\cucumber-testng\7.14.0\cucumber-testng-7.14.0.jar;C:\Users\sunil kumar\.m2\repository\org\apiguardian\apiguardian-api\1.1.2\apiguardian-api-1.1.2.jar;C:\Users\sunil kumar\.m2\repository\io\cucumber\cucumber-core\7.14.0\cucumber-core-7.14.0.jar;C:\Users\sunil kumar\.m2\repository\io\cucumber\cucumber-gherkin\7.14.0\cucumber-gherkin-7.14.0.jar;C:\Users\sunil kumar\.m2\repository\io\cucumber\cucumber-gherkin-messages\7.14.0\cucumber-gherkin-messages-7.14.0.jar;C:\Users\sunil kumar\.m2\repository\io\cucumber\gherkin\26.2.0\gherkin-26.2.0.jar;C:\Users\sunil kumar\.m2\repository\io\cucumber\messages\22.0.0\messages-22.0.0.jar;C:\Users\sunil kumar\.m2\repository\io\cucumber\tag-expressions\5.0.6\tag-expressions-5.0.6.jar;C:\Users\sunil kumar\.m2\repository\io\cucumber\cucumber-expressions\16.1.2\cucumber-expressions-16.1.2.jar;C:\Users\sunil kumar\.m2\repository\io\cucumber\datatable\7.14.0\datatable-7.14.0.jar;C:\Users\sunil kumar\.m2\repository\io\cucumber\cucumber-plugin\7.14.0\cucumber-plugin-7.14.0.jar;C:\Users\sunil kumar\.m2\repository\io\cucumber\docstring\7.14.0\docstring-7.14.0.jar;C:\Users\sunil kumar\.m2\repository\io\cucumber\html-formatter\20.4.0\html-formatter-20.4.0.jar;C:\Users\sunil kumar\.m2\repository\io\cucumber\junit-xml-formatter\0.2.0\junit-xml-formatter-0.2.0.jar;C:\Users\sunil kumar\.m2\repository\io\cucumber\ci-environment\9.2.0\ci-environment-9.2.0.jar;C:\Users\sunil kumar\.m2\repository\io\cucumber\cucumber-java\7.14.0\cucumber-java-7.14.0.jar;"/>
    <property name="sun.cpu.endian" value="little"/>
    <property name="user.home" value="C:\Users\sunil kumar"/>
    <property name="user.language" value="en"/>
    <property name="java.specification.vendor" value="Oracle Corporation"/>
    <property name="java.version.date" value="2024-10-15"/>
    <property name="java.home" value="C:\Program Files\Java\jdk-21"/>
    <property name="file.separator" value="\"/>
    <property name="basedir" value="C:\Users\sunil kumar\OneDrive\Desktop\AppiumWorkSpace\TutorialNinja"/>
    <property name="java.vm.compressedOopsMode" value="32-bit"/>
    <property name="line.separator" value="&#10;"/>
    <property name="java.vm.specification.vendor" value="Oracle Corporation"/>
    <property name="java.specification.name" value="Java Platform API Specification"/>
    <property name="surefire.real.class.path" value="C:\Users\sunil kumar\AppData\Local\Temp\surefire4555946225359412069\surefirebooter-20250818203639832_3.jar"/>
    <property name="user.script" value=""/>
    <property name="sun.management.compiler" value="HotSpot 64-Bit Tiered Compilers"/>
    <property name="java.runtime.version" value="21.0.5+9-LTS-239"/>
    <property name="user.name" value="sunil kumar"/>
    <property name="stdout.encoding" value="Cp1252"/>
    <property name="path.separator" value=";"/>
    <property name="os.version" value="10.0"/>
    <property name="java.runtime.name" value="Java(TM) SE Runtime Environment"/>
    <property name="file.encoding" value="UTF-8"/>
    <property name="java.vm.name" value="Java HotSpot(TM) 64-Bit Server VM"/>
    <property name="localRepository" value="C:\Users\sunil kumar\.m2\repository"/>
    <property name="java.vendor.url.bug" value="https://bugreport.java.com/bugreport/"/>
    <property name="java.io.tmpdir" value="C:\Users\SUNILK~1\AppData\Local\Temp\"/>
    <property name="java.version" value="21.0.5"/>
    <property name="user.dir" value="C:\Users\sunil kumar\OneDrive\Desktop\AppiumWorkSpace\TutorialNinja"/>
    <property name="os.arch" value="amd64"/>
    <property name="java.vm.specification.name" value="Java Virtual Machine Specification"/>
    <property name="sun.os.patch.level" value=""/>
    <property name="native.encoding" value="Cp1252"/>
    <property name="java.library.path" value="C:\Program Files\Java\jdk-21\bin;C:\WINDOWS\Sun\Java\bin;C:\WINDOWS\system32;C:\WINDOWS;C:\Program Files\Common Files\Oracle\Java\javapath;C:\oraclexe\app\oracle\product\10.2.0\server\bin;C:\Windows\system32;C:\Windows;C:\Windows\System32\Wbem;C:\Windows\System32\WindowsPowerShell\v1.0\;C:\Windows\System32\OpenSSH\;C:\Program Files (x86)\NVIDIA Corporation\PhysX\Common;C:\Program Files\dotnet\;C:\WINDOWS\system32;C:\WINDOWS;C:\WINDOWS\System32\Wbem;C:\WINDOWS\System32\WindowsPowerShell\v1.0\;C:\WINDOWS\System32\OpenSSH\;C:\Program Files\Git\cmd;C:\Program Files\Microsoft SQL Server\150\Tools\Binn\;C:\Program Files\Microsoft SQL Server\Client SDK\ODBC\170\Tools\Binn\;C:\Program Files\Java\jdk-21\lib;C:\Program Files\Java\jdk-21\bin;C:\Program Files\nodejs\;C:\Users\sunil kumar\AppData\Local\Android\Sdk\platform-tools;C:\Users\sunil kumar\AppData\Local\Android\Sdk\build-tools;C:\Users\sunil kumar\AppData\Local\Android\Sdk\platforms;C:\Users\sunil kumar\AppData\Roaming\npm;C:\apache-maven-3.9.11\bin;C:\Users\sunil kumar\AppData\Local\Programs\Python\Python310\Scripts\;C:\Users\sunil kumar\AppData\Local\Programs\Python\Python310\;C:\Users\sunil kumar\AppData\Local\Microsoft\WindowsApps;C:\Program Files\JetBrains\PyCharm Community Edition 2021.1.3\bin;C:\Users\sunil kumar\AppData\Local\Programs\Microsoft VS Code\bin;C:\Users\sunil kumar\AppData\Local\Programs\Python\Python39\Scripts;C:\Users\sunil kumar\AppData\Local\GitHubDesktop\bin;C:\Program Files\Git\bin;C:\Users\sunil kumar\.dotnet\tools;."/>
    <property name="java.vm.info" value="mixed mode, sharing"/>
    <property name="stderr.encoding" value="Cp1252"/>
    <property name="java.vendor" value="Oracle Corporation"/>
    <property name="java.vm.version" value="21.0.5+9-LTS-239"/>
    <property name="sun.io.unicode.encoding" value="UnicodeLittle"/>
    <property name="java.class.version" value="65.0"/>
  </properties>
  <testcase name="runScenario[&quot;Login with valid credentials&quot;, &quot;User Login&quot;](1)" classname="runner.TestRunner" time="44.743">
    <system-out><![CDATA[
Scenario Outline: Login with valid credentials                                 &amp#27;[90m# src/test/resources/features/Login.feature:12&amp#27;[0m
  &amp#27;[32mGiven &amp#27;[0m&amp#27;[32mUser has navigated to login page&amp#27;[0m                                       &amp#27;[90m# stepDefinitions.Login.User_has_navigated_to_login_page()&amp#27;[0m
  &amp#27;[32mWhen &amp#27;[0m&amp#27;[32mUser enters  valid email address &amp#27;[0m&amp#27;[32m&amp#27;[1mjajatest123@gmail.com&amp#27;[0m&amp#27;[32m into email field&amp#27;[0m &amp#27;[90m# stepDefinitions.Login.user_enters_valid_email_address_into_email_field(java.lang.String)&amp#27;[0m
  &amp#27;[32mAnd &amp#27;[0m&amp#27;[32mUser enters valid password &amp#27;[0m&amp#27;[32m&amp#27;[1m12345&amp#27;[0m&amp#27;[32m into password field&amp#27;[0m                     &amp#27;[90m# stepDefinitions.Login.user_enters_valid_password_into_password_field(java.lang.String)&amp#27;[0m
  &amp#27;[32mAnd &amp#27;[0m&amp#27;[32mUser clicks on login button&amp#27;[0m                                              &amp#27;[90m# stepDefinitions.Login.User_clicks_on_login_button()&amp#27;[0m
  &amp#27;[32mThen &amp#27;[0m&amp#27;[32mUser should get successfully logged in&amp#27;[0m                                  &amp#27;[90m# stepDefinitions.Login.User_should_get_successfully_logged_in()&amp#27;[0m
]]></system-out>
    <system-err><![CDATA[SLF4J(W): No SLF4J providers were found.
SLF4J(W): Defaulting to no-operation (NOP) logger implementation
SLF4J(W): See https://www.slf4j.org/codes.html#noProviders for further details.
Aug 18, 2025 8:36:44 PM org.openqa.selenium.devtools.CdpVersionFinder findNearestMatch
WARNING: Unable to find an exact match for CDP version 139, returning the closest version; found: 136; Please update to a Selenium version that supports CDP version 139
]]></system-err>
  </testcase>
  <testcase name="runScenario[&quot;Login with valid credentials&quot;, &quot;User Login&quot;](2)" classname="runner.TestRunner" time="35.286">
    <system-out><![CDATA[
Scenario Outline: Login with valid credentials                                 &amp#27;[90m# src/test/resources/features/Login.feature:13&amp#27;[0m
  &amp#27;[32mGiven &amp#27;[0m&amp#27;[32mUser has navigated to login page&amp#27;[0m                                       &amp#27;[90m# stepDefinitions.Login.User_has_navigated_to_login_page()&amp#27;[0m
  &amp#27;[32mWhen &amp#27;[0m&amp#27;[32mUser enters  valid email address &amp#27;[0m&amp#27;[32m&amp#27;[1mjajatest124@gmail.com&amp#27;[0m&amp#27;[32m into email field&amp#27;[0m &amp#27;[90m# stepDefinitions.Login.user_enters_valid_email_address_into_email_field(java.lang.String)&amp#27;[0m
  &amp#27;[32mAnd &amp#27;[0m&amp#27;[32mUser enters valid password &amp#27;[0m&amp#27;[32m&amp#27;[1m12345&amp#27;[0m&amp#27;[32m into password field&amp#27;[0m                     &amp#27;[90m# stepDefinitions.Login.user_enters_valid_password_into_password_field(java.lang.String)&amp#27;[0m
  &amp#27;[32mAnd &amp#27;[0m&amp#27;[32mUser clicks on login button&amp#27;[0m                                              &amp#27;[90m# stepDefinitions.Login.User_clicks_on_login_button()&amp#27;[0m
  &amp#27;[32mThen &amp#27;[0m&amp#27;[32mUser should get successfully logged in&amp#27;[0m                                  &amp#27;[90m# stepDefinitions.Login.User_should_get_successfully_logged_in()&amp#27;[0m
]]></system-out>
    <system-err><![CDATA[Aug 18, 2025 8:37:27 PM org.openqa.selenium.devtools.CdpVersionFinder findNearestMatch
WARNING: Unable to find an exact match for CDP version 139, returning the closest version; found: 136; Please update to a Selenium version that supports CDP version 139
]]></system-err>
  </testcase>
  <testcase name="runScenario[&quot;Login with valid credentials&quot;, &quot;User Login&quot;](3)" classname="runner.TestRunner" time="11.171">
    <system-out><![CDATA[
Scenario Outline: Login with valid credentials                                 &amp#27;[90m# src/test/resources/features/Login.feature:14&amp#27;[0m
  &amp#27;[32mGiven &amp#27;[0m&amp#27;[32mUser has navigated to login page&amp#27;[0m                                       &amp#27;[90m# stepDefinitions.Login.User_has_navigated_to_login_page()&amp#27;[0m
  &amp#27;[32mWhen &amp#27;[0m&amp#27;[32mUser enters  valid email address &amp#27;[0m&amp#27;[32m&amp#27;[1mjajatest125@gmail.com&amp#27;[0m&amp#27;[32m into email field&amp#27;[0m &amp#27;[90m# stepDefinitions.Login.user_enters_valid_email_address_into_email_field(java.lang.String)&amp#27;[0m
  &amp#27;[32mAnd &amp#27;[0m&amp#27;[32mUser enters valid password &amp#27;[0m&amp#27;[32m&amp#27;[1m12345&amp#27;[0m&amp#27;[32m into password field&amp#27;[0m                     &amp#27;[90m# stepDefinitions.Login.user_enters_valid_password_into_password_field(java.lang.String)&amp#27;[0m
  &amp#27;[32mAnd &amp#27;[0m&amp#27;[32mUser clicks on login button&amp#27;[0m                                              &amp#27;[90m# stepDefinitions.Login.User_clicks_on_login_button()&amp#27;[0m
  &amp#27;[32mThen &amp#27;[0m&amp#27;[32mUser should get successfully logged in&amp#27;[0m                                  &amp#27;[90m# stepDefinitions.Login.User_should_get_successfully_logged_in()&amp#27;[0m
]]></system-out>
    <system-err><![CDATA[Aug 18, 2025 8:38:03 PM org.openqa.selenium.devtools.CdpVersionFinder findNearestMatch
WARNING: Unable to find an exact match for CDP version 139, returning the closest version; found: 136; Please update to a Selenium version that supports CDP version 139
]]></system-err>
  </testcase>
  <testcase name="runScenario[&quot;Login with invalid credentials&quot;, &quot;User Login&quot;](4)" classname="runner.TestRunner" time="6.188">
    <system-out><![CDATA[
Scenario: Login with invalid credentials                         &amp#27;[90m# src/test/resources/features/Login.feature:18&amp#27;[0m
  &amp#27;[32mGiven &amp#27;[0m&amp#27;[32mUser has navigated to login page&amp#27;[0m                         &amp#27;[90m# stepDefinitions.Login.User_has_navigated_to_login_page()&amp#27;[0m
  &amp#27;[32mWhen &amp#27;[0m&amp#27;[32mUser enters invalid email address into email field&amp#27;[0m        &amp#27;[90m# stepDefinitions.Login.user_enters_invalid_email_address_into_email_field()&amp#27;[0m
  &amp#27;[32mAnd &amp#27;[0m&amp#27;[32mUser enters invalid password &amp#27;[0m&amp#27;[32m&amp#27;[1m"1234567"&amp#27;[0m&amp#27;[32m into password field&amp#27;[0m &amp#27;[90m# stepDefinitions.Login.user_enters_invalid_password_into_password_field(java.lang.String)&amp#27;[0m
  &amp#27;[32mAnd &amp#27;[0m&amp#27;[32mUser clicks on login button&amp#27;[0m                                &amp#27;[90m# stepDefinitions.Login.User_clicks_on_login_button()&amp#27;[0m
  &amp#27;[32mThen &amp#27;[0m&amp#27;[32mUser should get a proper warning message&amp#27;[0m                  &amp#27;[90m# stepDefinitions.Login.User_should_get_a_proper_warning_message()&amp#27;[0m
]]></system-out>
    <system-err><![CDATA[Aug 18, 2025 8:38:14 PM org.openqa.selenium.devtools.CdpVersionFinder findNearestMatch
WARNING: Unable to find an exact match for CDP version 139, returning the closest version; found: 136; Please update to a Selenium version that supports CDP version 139
]]></system-err>
  </testcase>
  <testcase name="runScenario[&quot;&quot;, &quot;User Login&quot;](5)" classname="runner.TestRunner" time="6.058">
    <system-out><![CDATA[
Scenario:                                                                        &amp#27;[90m# src/test/resources/features/Login.feature:26&amp#27;[0m
  &amp#27;[32mGiven &amp#27;[0m&amp#27;[32mUser has navigated to login page&amp#27;[0m                                         &amp#27;[90m# stepDefinitions.Login.User_has_navigated_to_login_page()&amp#27;[0m
  &amp#27;[32mWhen &amp#27;[0m&amp#27;[32mUser enters  valid email address &amp#27;[0m&amp#27;[32m&amp#27;[1m"jajatest123@gmail.com"&amp#27;[0m&amp#27;[32m into email field&amp#27;[0m &amp#27;[90m# stepDefinitions.Login.user_enters_valid_email_address_into_email_field(java.lang.String)&amp#27;[0m
  &amp#27;[32mAnd &amp#27;[0m&amp#27;[32mUser enters invalid password &amp#27;[0m&amp#27;[32m&amp#27;[1m"1236564567"&amp#27;[0m&amp#27;[32m into password field&amp#27;[0m              &amp#27;[90m# stepDefinitions.Login.user_enters_invalid_password_into_password_field(java.lang.String)&amp#27;[0m
  &amp#27;[32mAnd &amp#27;[0m&amp#27;[32mUser clicks on login button&amp#27;[0m                                                &amp#27;[90m# stepDefinitions.Login.User_clicks_on_login_button()&amp#27;[0m
  &amp#27;[32mThen &amp#27;[0m&amp#27;[32mUser should get a proper warning message&amp#27;[0m                                  &amp#27;[90m# stepDefinitions.Login.User_should_get_a_proper_warning_message()&amp#27;[0m
]]></system-out>
    <system-err><![CDATA[Aug 18, 2025 8:38:20 PM org.openqa.selenium.devtools.CdpVersionFinder findNearestMatch
WARNING: Unable to find an exact match for CDP version 139, returning the closest version; found: 136; Please update to a Selenium version that supports CDP version 139
]]></system-err>
  </testcase>
  <testcase name="runScenario[&quot;&quot;, &quot;User Login&quot;](6)" classname="runner.TestRunner" time="6.709">
    <system-out><![CDATA[
Scenario:                                                    &amp#27;[90m# src/test/resources/features/Login.feature:35&amp#27;[0m
  &amp#27;[32mGiven &amp#27;[0m&amp#27;[32mUser has navigated to login page&amp#27;[0m                     &amp#27;[90m# stepDefinitions.Login.User_has_navigated_to_login_page()&amp#27;[0m
  &amp#27;[32mWhen &amp#27;[0m&amp#27;[32mUser enters invalid email address into email field&amp#27;[0m    &amp#27;[90m# stepDefinitions.Login.user_enters_invalid_email_address_into_email_field()&amp#27;[0m
  &amp#27;[32mAnd &amp#27;[0m&amp#27;[32mUser enters valid password &amp#27;[0m&amp#27;[32m&amp#27;[1m"12345"&amp#27;[0m&amp#27;[32m into password field&amp#27;[0m &amp#27;[90m# stepDefinitions.Login.user_enters_valid_password_into_password_field(java.lang.String)&amp#27;[0m
  &amp#27;[32mAnd &amp#27;[0m&amp#27;[32mUser clicks on login button&amp#27;[0m                            &amp#27;[90m# stepDefinitions.Login.User_clicks_on_login_button()&amp#27;[0m
  &amp#27;[32mThen &amp#27;[0m&amp#27;[32mUser should get a proper warning message&amp#27;[0m              &amp#27;[90m# stepDefinitions.Login.User_should_get_a_proper_warning_message()&amp#27;[0m
]]></system-out>
    <system-err><![CDATA[Aug 18, 2025 8:38:26 PM org.openqa.selenium.devtools.CdpVersionFinder findNearestMatch
WARNING: Unable to find an exact match for CDP version 139, returning the closest version; found: 136; Please update to a Selenium version that supports CDP version 139
]]></system-err>
  </testcase>
  <testcase name="runScenario[&quot;&quot;, &quot;User Login&quot;](7)" classname="runner.TestRunner" time="5.718">
    <system-out><![CDATA[
Scenario:                                               &amp#27;[90m# src/test/resources/features/Login.feature:44&amp#27;[0m
  &amp#27;[32mGiven &amp#27;[0m&amp#27;[32mUser has navigated to login page&amp#27;[0m                &amp#27;[90m# stepDefinitions.Login.User_has_navigated_to_login_page()&amp#27;[0m
  &amp#27;[32mWhen &amp#27;[0m&amp#27;[32mUser do not enter email address into email field&amp#27;[0m &amp#27;[90m# stepDefinitions.Login.user_do_not_enter_email_address_into_email_field()&amp#27;[0m
  &amp#27;[32mAnd &amp#27;[0m&amp#27;[32mUser do not enter password into password field&amp#27;[0m    &amp#27;[90m# stepDefinitions.Login.user_do_not_enter_password_into_password_field()&amp#27;[0m
  &amp#27;[32mAnd &amp#27;[0m&amp#27;[32mUser clicks on login button&amp#27;[0m                       &amp#27;[90m# stepDefinitions.Login.User_clicks_on_login_button()&amp#27;[0m
  &amp#27;[32mThen &amp#27;[0m&amp#27;[32mUser should get a proper warning message&amp#27;[0m         &amp#27;[90m# stepDefinitions.Login.User_should_get_a_proper_warning_message()&amp#27;[0m
]]></system-out>
    <system-err><![CDATA[Aug 18, 2025 8:38:33 PM org.openqa.selenium.devtools.CdpVersionFinder findNearestMatch
WARNING: Unable to find an exact match for CDP version 139, returning the closest version; found: 136; Please update to a Selenium version that supports CDP version 139
]]></system-err>
  </testcase>
  <testcase name="runScenario[&quot;&quot;, &quot;Register Functionality&quot;](8)" classname="runner.TestRunner" time="8.65">
    <system-out><![CDATA[
Scenario:                                          &amp#27;[90m# src/test/resources/features/Register.feature:4&amp#27;[0m
  &amp#27;[32mGiven &amp#27;[0m&amp#27;[32mUser navigates to register account page&amp#27;[0m    &amp#27;[90m# stepDefinitions.Register.user_navigates_to_register_account_page()&amp#27;[0m
  &amp#27;[32mWhen &amp#27;[0m&amp#27;[32mUser enters the below fields&amp#27;[0m                &amp#27;[90m# stepDefinitions.Register.user_enters_the_below_fields(io.cucumber.datatable.DataTable)&amp#27;[0m
    | firstName       | sunil      |
    | lastName        | kumar      |
    | number          | 9900184486 |
    | password        | 12345      |
    | confirmPassword | 12345      |
  &amp#27;[32mAnd &amp#27;[0m&amp#27;[32mUser selects privacy policy&amp#27;[0m                  &amp#27;[90m# stepDefinitions.Register.user_selects_privacy_policy()&amp#27;[0m
  &amp#27;[32mAnd &amp#27;[0m&amp#27;[32mUser clicks on create account&amp#27;[0m                &amp#27;[90m# stepDefinitions.Register.user_clicks_on_create_account()&amp#27;[0m
  &amp#27;[32mThen &amp#27;[0m&amp#27;[32mUser account should be created successfully&amp#27;[0m &amp#27;[90m# stepDefinitions.Register.user_account_should_be_created_successfully()&amp#27;[0m
]]></system-out>
    <system-err><![CDATA[Aug 18, 2025 8:38:38 PM org.openqa.selenium.devtools.CdpVersionFinder findNearestMatch
WARNING: Unable to find an exact match for CDP version 139, returning the closest version; found: 136; Please update to a Selenium version that supports CDP version 139
]]></system-err>
  </testcase>
  <testcase name="runScenario[&quot;&quot;, &quot;Register Functionality&quot;](9)" classname="runner.TestRunner" time="9.174">
    <system-out><![CDATA[
Scenario:                                          &amp#27;[90m# src/test/resources/features/Register.feature:18&amp#27;[0m
  &amp#27;[32mGiven &amp#27;[0m&amp#27;[32mUser navigates to register account page&amp#27;[0m    &amp#27;[90m# stepDefinitions.Register.user_navigates_to_register_account_page()&amp#27;[0m
  &amp#27;[32mWhen &amp#27;[0m&amp#27;[32mUser enters the below fields&amp#27;[0m                &amp#27;[90m# stepDefinitions.Register.user_enters_the_below_fields(io.cucumber.datatable.DataTable)&amp#27;[0m
    | firstName       | sunil      |
    | lastName        | kumar      |
    | number          | 9900184486 |
    | password        | 12345      |
    | confirmPassword | 12345      |
  &amp#27;[32mAnd &amp#27;[0m&amp#27;[32mUser selects yes for newsletter&amp#27;[0m              &amp#27;[90m# stepDefinitions.Register.user_selects_yes_for_newsletter()&amp#27;[0m
  &amp#27;[32mAnd &amp#27;[0m&amp#27;[32mUser selects privacy policy&amp#27;[0m                  &amp#27;[90m# stepDefinitions.Register.user_selects_privacy_policy()&amp#27;[0m
  &amp#27;[32mAnd &amp#27;[0m&amp#27;[32mUser clicks on create account&amp#27;[0m                &amp#27;[90m# stepDefinitions.Register.user_clicks_on_create_account()&amp#27;[0m
  &amp#27;[32mThen &amp#27;[0m&amp#27;[32mUser account should be created successfully&amp#27;[0m &amp#27;[90m# stepDefinitions.Register.user_account_should_be_created_successfully()&amp#27;[0m
]]></system-out>
    <system-err><![CDATA[Aug 18, 2025 8:38:47 PM org.openqa.selenium.devtools.CdpVersionFinder findNearestMatch
WARNING: Unable to find an exact match for CDP version 139, returning the closest version; found: 136; Please update to a Selenium version that supports CDP version 139
]]></system-err>
  </testcase>
  <testcase name="runScenario[&quot;&quot;, &quot;Register Functionality&quot;](10)" classname="runner.TestRunner" time="11.021">
    <system-out><![CDATA[
Scenario:                                                &amp#27;[90m# src/test/resources/features/Register.feature:34&amp#27;[0m
  &amp#27;[32mGiven &amp#27;[0m&amp#27;[32mUser navigates to register account page&amp#27;[0m          &amp#27;[90m# stepDefinitions.Register.user_navigates_to_register_account_page()&amp#27;[0m
  &amp#27;[32mWhen &amp#27;[0m&amp#27;[32mUser enters the below fields with duplicate email&amp#27;[0m &amp#27;[90m# stepDefinitions.Register.user_enters_the_below_fields_with_duplicate_email(io.cucumber.datatable.DataTable)&amp#27;[0m
    | firstName       | sunil                    |
    | lastName        | kumar                    |
    | email           | jajatest123dsf@gmail.com |
    | number          | 9900184486               |
    | password        | 12345                    |
    | confirmPassword | 12345                    |
  &amp#27;[32mAnd &amp#27;[0m&amp#27;[32mUser selects yes for newsletter&amp#27;[0m                    &amp#27;[90m# stepDefinitions.Register.user_selects_yes_for_newsletter()&amp#27;[0m
  &amp#27;[32mAnd &amp#27;[0m&amp#27;[32mUser selects privacy policy&amp#27;[0m                        &amp#27;[90m# stepDefinitions.Register.user_selects_privacy_policy()&amp#27;[0m
  &amp#27;[32mAnd &amp#27;[0m&amp#27;[32mUser clicks on create account&amp#27;[0m                      &amp#27;[90m# stepDefinitions.Register.user_clicks_on_create_account()&amp#27;[0m
  &amp#27;[32mThen &amp#27;[0m&amp#27;[32mUser should get a warning message&amp#27;[0m                 &amp#27;[90m# stepDefinitions.Register.user_should_get_a_warning_message()&amp#27;[0m
]]></system-out>
    <system-err><![CDATA[Aug 18, 2025 8:38:57 PM org.openqa.selenium.devtools.CdpVersionFinder findNearestMatch
WARNING: Unable to find an exact match for CDP version 139, returning the closest version; found: 136; Please update to a Selenium version that supports CDP version 139
]]></system-err>
  </testcase>
  <testcase name="runScenario[&quot;&quot;, &quot;Search Functionality&quot;](11)" classname="runner.TestRunner" time="4.37">
    <system-out><![CDATA[
Scenario:                                                       &amp#27;[90m# src/test/resources/features/Search.feature:3&amp#27;[0m
  &amp#27;[32mGiven &amp#27;[0m&amp#27;[32mUser opens the application&amp#27;[0m                              &amp#27;[90m# stepDefinitions.Search.user_opens_the_application()&amp#27;[0m
  &amp#27;[32mWhen &amp#27;[0m&amp#27;[32mUser enters valid product &amp#27;[0m&amp#27;[32m&amp#27;[1m"HP"&amp#27;[0m&amp#27;[32m into the search field&amp#27;[0m     &amp#27;[90m# stepDefinitions.Search.user_enters_valid_product_into_the_search_field(java.lang.String)&amp#27;[0m
  &amp#27;[32mWhen &amp#27;[0m&amp#27;[32mUser clicks on search button&amp#27;[0m                             &amp#27;[90m# stepDefinitions.Search.user_clicks_on_search_button()&amp#27;[0m
  &amp#27;[32mThen &amp#27;[0m&amp#27;[32mUser should get a valid product displayed on the results&amp#27;[0m &amp#27;[90m# stepDefinitions.Search.user_should_get_a_valid_product_displayed_on_the_results()&amp#27;[0m
]]></system-out>
    <system-err><![CDATA[Aug 18, 2025 8:39:08 PM org.openqa.selenium.devtools.CdpVersionFinder findNearestMatch
WARNING: Unable to find an exact match for CDP version 139, returning the closest version; found: 136; Please update to a Selenium version that supports CDP version 139
]]></system-err>
  </testcase>
  <testcase name="runScenario[&quot;&quot;, &quot;Search Functionality&quot;](12)" classname="runner.TestRunner" time="4.294">
    <system-out><![CDATA[
Scenario:                                                            &amp#27;[90m# src/test/resources/features/Search.feature:11&amp#27;[0m
  &amp#27;[32mGiven &amp#27;[0m&amp#27;[32mUser opens the application&amp#27;[0m                                   &amp#27;[90m# stepDefinitions.Search.user_opens_the_application()&amp#27;[0m
  &amp#27;[32mWhen &amp#27;[0m&amp#27;[32mUser enters invalid product &amp#27;[0m&amp#27;[32m&amp#27;[1m"Honda"&amp#27;[0m&amp#27;[32m into the search box field&amp#27;[0m &amp#27;[90m# stepDefinitions.Search.user_enters_invalid_product_into_the_search_box_field(java.lang.String)&amp#27;[0m
  &amp#27;[32mAnd &amp#27;[0m&amp#27;[32mUser clicks on search button&amp#27;[0m                                   &amp#27;[90m# stepDefinitions.Search.user_clicks_on_search_button()&amp#27;[0m
  &amp#27;[32mThen &amp#27;[0m&amp#27;[32mUser should get a message about no product matching&amp#27;[0m           &amp#27;[90m# stepDefinitions.Search.user_should_get_a_message_about_no_product_matching()&amp#27;[0m
]]></system-out>
    <system-err><![CDATA[Aug 18, 2025 8:39:12 PM org.openqa.selenium.devtools.CdpVersionFinder findNearestMatch
WARNING: Unable to find an exact match for CDP version 139, returning the closest version; found: 136; Please update to a Selenium version that supports CDP version 139
]]></system-err>
  </testcase>
  <testcase name="runScenario[&quot;&quot;, &quot;Search Functionality&quot;](13)" classname="runner.TestRunner" time="3.972">
    <system-out><![CDATA[
Scenario:                                                  &amp#27;[90m# src/test/resources/features/Search.feature:18&amp#27;[0m
  &amp#27;[32mGiven &amp#27;[0m&amp#27;[32mUser opens the application&amp#27;[0m                         &amp#27;[90m# stepDefinitions.Search.user_opens_the_application()&amp#27;[0m
  &amp#27;[32mWhen &amp#27;[0m&amp#27;[32mUser do not enter any product into search box&amp#27;[0m       &amp#27;[90m# stepDefinitions.Search.user_do_not_enter_any_product_into_search_box()&amp#27;[0m
  &amp#27;[32mAnd &amp#27;[0m&amp#27;[32mUser clicks on search button&amp#27;[0m                         &amp#27;[90m# stepDefinitions.Search.user_clicks_on_search_button()&amp#27;[0m
  &amp#27;[32mThen &amp#27;[0m&amp#27;[32mUser should get a message about no product matching&amp#27;[0m &amp#27;[90m# stepDefinitions.Search.user_should_get_a_message_about_no_product_matching()&amp#27;[0m
]]></system-out>
    <system-err><![CDATA[Aug 18, 2025 8:39:16 PM org.openqa.selenium.devtools.CdpVersionFinder findNearestMatch
WARNING: Unable to find an exact match for CDP version 139, returning the closest version; found: 136; Please update to a Selenium version that supports CDP version 139
]]></system-err>
  </testcase>
</testsuite>