<?xml version="1.0" encoding="UTF-8"?>
<!-- Generated by org.testng.reporters.JUnitReportReporter -->
<testsuite hostname="DESKTOP-OS6BKGO" failures="0" tests="13" name="runner.MyRunner" time="55.653" errors="0" timestamp="2025-08-18T19:30:12 IST" skipped="0">
  <testcase classname="runner.MyRunner" name="runScenario" time="3.428"/>
  <testcase classname="runner.MyRunner" name="runScenario" time="4.111"/>
  <testcase classname="runner.MyRunner" name="runScenario" time="3.699"/>
  <testcase classname="runner.MyRunner" name="runScenario" time="4.862"/>
  <testcase classname="runner.MyRunner" name="runScenario" time="6.552"/>
  <testcase classname="runner.MyRunner" name="runScenario" time="3.483"/>
  <testcase classname="runner.MyRunner" name="runScenario" time="4.163"/>
  <testcase classname="runner.MyRunner" name="runScenario" time="3.872"/>
  <testcase classname="runner.MyRunner" name="runScenario" time="3.595"/>
  <testcase classname="runner.MyRunner" name="runScenario" time="3.692"/>
  <testcase classname="runner.MyRunner" name="runScenario" time="5.941"/>
  <testcase classname="runner.MyRunner" name="runScenario" time="3.729"/>
  <testcase classname="runner.MyRunner" name="runScenario" time="4.526"/>
</testsuite> <!-- runner.MyRunner -->
