<?xml version="1.0" encoding="UTF-8"?>
<!-- Generated by org.testng.reporters.JUnitReportReporter -->
<testsuite hostname="DESKTOP-OS6BKGO" failures="0" tests="13" name="runner.TestRunner" time="97.864" errors="0" timestamp="2025-09-13T19:58:16 IST" skipped="0">
  <testcase classname="runner.TestRunner" name="runScenario" time="6.363"/>
  <testcase classname="runner.TestRunner" name="runScenario" time="7.938"/>
  <testcase classname="runner.TestRunner" name="runScenario" time="9.684"/>
  <testcase classname="runner.TestRunner" name="runScenario" time="4.592"/>
  <testcase classname="runner.TestRunner" name="runScenario" time="7.279"/>
  <testcase classname="runner.TestRunner" name="runScenario" time="9.935"/>
  <testcase classname="runner.TestRunner" name="runScenario" time="6.518"/>
  <testcase classname="runner.TestRunner" name="runScenario" time="6.133"/>
  <testcase classname="runner.TestRunner" name="runScenario" time="10.410"/>
  <testcase classname="runner.TestRunner" name="runScenario" time="6.666"/>
  <testcase classname="runner.TestRunner" name="runScenario" time="7.559"/>
  <testcase classname="runner.TestRunner" name="runScenario" time="9.817"/>
  <testcase classname="runner.TestRunner" name="runScenario" time="4.970"/>
</testsuite> <!-- runner.TestRunner -->
