<?xml version="1.0" encoding="UTF-8"?>
<!-- Generated by org.testng.reporters.JUnitReportReporter -->
<testsuite hostname="DESKTOP-OS6BKGO" failures="0" tests="13" name="runner.TestRunner" time="157.393" errors="0" timestamp="2025-08-18T20:39:19 IST" skipped="0">
  <testcase classname="runner.TestRunner" name="runScenario" time="6.188"/>
  <testcase classname="runner.TestRunner" name="runScenario" time="4.373"/>
  <testcase classname="runner.TestRunner" name="runScenario" time="6.706"/>
  <testcase classname="runner.TestRunner" name="runScenario" time="9.174"/>
  <testcase classname="runner.TestRunner" name="runScenario" time="4.295"/>
  <testcase classname="runner.TestRunner" name="runScenario" time="11.172"/>
  <testcase classname="runner.TestRunner" name="runScenario" time="11.021"/>
  <testcase classname="runner.TestRunner" name="runScenario" time="3.976"/>
  <testcase classname="runner.TestRunner" name="runScenario" time="6.067"/>
  <testcase classname="runner.TestRunner" name="runScenario" time="44.745"/>
  <testcase classname="runner.TestRunner" name="runScenario" time="8.657"/>
  <testcase classname="runner.TestRunner" name="runScenario" time="35.299"/>
  <testcase classname="runner.TestRunner" name="runScenario" time="5.720"/>
</testsuite> <!-- runner.TestRunner -->
