<?xml version="1.0" encoding="UTF-8"?>
<!-- Generated by org.testng.reporters.JUnitReportReporter -->
<testsuite hostname="DESKTOP-OS6BKGO" failures="0" tests="13" name="runner.TestRunner" time="105.021" errors="0" timestamp="2025-09-16T19:58:18 IST" skipped="0">
  <testcase classname="runner.TestRunner" name="runScenario" time="6.135"/>
  <testcase classname="runner.TestRunner" name="runScenario" time="4.367"/>
  <testcase classname="runner.TestRunner" name="runScenario" time="11.049"/>
  <testcase classname="runner.TestRunner" name="runScenario" time="10.545"/>
  <testcase classname="runner.TestRunner" name="runScenario" time="4.204"/>
  <testcase classname="runner.TestRunner" name="runScenario" time="6.849"/>
  <testcase classname="runner.TestRunner" name="runScenario" time="12.859"/>
  <testcase classname="runner.TestRunner" name="runScenario" time="6.663"/>
  <testcase classname="runner.TestRunner" name="runScenario" time="4.200"/>
  <testcase classname="runner.TestRunner" name="runScenario" time="8.342"/>
  <testcase classname="runner.TestRunner" name="runScenario" time="8.846"/>
  <testcase classname="runner.TestRunner" name="runScenario" time="7.049"/>
  <testcase classname="runner.TestRunner" name="runScenario" time="13.913"/>
</testsuite> <!-- runner.TestRunner -->
